1516727656637:dir
1516727660166:help
1516732337922:process
1516732341474:help
1516732356099:process worker 12
1516733010010:help
1516733014308:process w 12
1516735405659:help
1516735409252:process w 12
1516736061053:help
1516736068469:process w 1
1516736331772:help
1516736343438:generate-status 50
1516736437804:help
1516736443550:generate-status 100
1516736650332:help
1516736656775:generate-status 10
1516736826268:help
1516736831358:generate-status 12
1516737832037:help
1516737838991:generate-status 12
1516737914653:dir
1516737917116:help
1516737923783:generate-status 12
1516769388872:help
1516769394660:generate-status 12
1516779043397:dir
1516779045024:help
1516779054800:generate-status 12
1516782367999:help
1516782374951:generate-status 12
1516782758132:el
1516782760618:ep
1516782825460:help
1516782841700:generate-status 12
1516783797166:help
1516783802483:generate-status 12
1516783887188:help
1516783892928:generate-status 12
1516784035973:help
1516784041211:generate-status 12
1516784735702:help
1516784741234:generate-status 12
1516785003398:help
1516785007537:generate-status 12
1516785183384:help
1516785187649:generate-status 12
1516785412802:help
1516785422377:generate-status 12
1516785708371:help
1516785719008:process w t
1516785722321:process wt
1516785778991:help
1516785804145:generate-status 12
